[2014-10-03 03:57:48] production.ERROR: exception 'PDOException' with message 'SQLSTATE[42000] [1044] Access denied for user ''@'localhost' to database 'forge'' in /home/wgs-lap121/public_html/php/asia-foundation-survey/vendor/laravel/framework/src/Illuminate/Database/Connectors/Connector.php:47
Stack trace:
#0 /home/wgs-lap121/public_html/php/asia-foundation-survey/vendor/laravel/framework/src/Illuminate/Database/Connectors/Connector.php(47): PDO->__construct('mysql:host=loca...', 'forge', '', Array)
#1 /home/wgs-lap121/public_html/php/asia-foundation-survey/vendor/laravel/framework/src/Illuminate/Database/Connectors/MySqlConnector.php(20): Illuminate\Database\Connectors\Connector->createConnection('mysql:host=loca...', Array, Array)
#2 /home/wgs-lap121/public_html/php/asia-foundation-survey/bootstrap/compiled.php(7628): Illuminate\Database\Connectors\MySqlConnector->connect(Array)
#3 /home/wgs-lap121/public_html/php/asia-foundation-survey/bootstrap/compiled.php(7624): Illuminate\Database\Connectors\ConnectionFactory->createSingleConnection(Array)
#4 /home/wgs-lap121/public_html/php/asia-foundation-survey/bootstrap/compiled.php(7536): Illuminate\Database\Connectors\ConnectionFactory->make(Array, 'mysql')
#5 /home/wgs-lap121/public_html/php/asia-foundation-survey/bootstrap/compiled.php(7491): Illuminate\Database\DatabaseManager->makeConnection('mysql')
#6 /home/wgs-lap121/public_html/php/asia-foundation-survey/vendor/laravel/framework/src/Illuminate/Database/Migrations/DatabaseMigrationRepository.php(167): Illuminate\Database\DatabaseManager->connection(NULL)
#7 /home/wgs-lap121/public_html/php/asia-foundation-survey/vendor/laravel/framework/src/Illuminate/Database/Migrations/DatabaseMigrationRepository.php(135): Illuminate\Database\Migrations\DatabaseMigrationRepository->getConnection()
#8 /home/wgs-lap121/public_html/php/asia-foundation-survey/vendor/laravel/framework/src/Illuminate/Database/Migrations/Migrator.php(371): Illuminate\Database\Migrations\DatabaseMigrationRepository->repositoryExists()
#9 /home/wgs-lap121/public_html/php/asia-foundation-survey/vendor/laravel/framework/src/Illuminate/Database/Console/Migrations/MigrateCommand.php(98): Illuminate\Database\Migrations\Migrator->repositoryExists()
#10 /home/wgs-lap121/public_html/php/asia-foundation-survey/vendor/laravel/framework/src/Illuminate/Database/Console/Migrations/MigrateCommand.php(61): Illuminate\Database\Console\Migrations\MigrateCommand->prepareDatabase()
#11 /home/wgs-lap121/public_html/php/asia-foundation-survey/vendor/laravel/framework/src/Illuminate/Console/Command.php(112): Illuminate\Database\Console\Migrations\MigrateCommand->fire()
#12 /home/wgs-lap121/public_html/php/asia-foundation-survey/vendor/symfony/console/Symfony/Component/Console/Command/Command.php(252): Illuminate\Console\Command->execute(Object(Symfony\Component\Console\Input\ArgvInput), Object(Symfony\Component\Console\Output\ConsoleOutput))
#13 /home/wgs-lap121/public_html/php/asia-foundation-survey/vendor/laravel/framework/src/Illuminate/Console/Command.php(100): Symfony\Component\Console\Command\Command->run(Object(Symfony\Component\Console\Input\ArgvInput), Object(Symfony\Component\Console\Output\ConsoleOutput))
#14 /home/wgs-lap121/public_html/php/asia-foundation-survey/vendor/symfony/console/Symfony/Component/Console/Application.php(889): Illuminate\Console\Command->run(Object(Symfony\Component\Console\Input\ArgvInput), Object(Symfony\Component\Console\Output\ConsoleOutput))
#15 /home/wgs-lap121/public_html/php/asia-foundation-survey/vendor/symfony/console/Symfony/Component/Console/Application.php(193): Symfony\Component\Console\Application->doRunCommand(Object(Illuminate\Database\Console\Migrations\MigrateCommand), Object(Symfony\Component\Console\Input\ArgvInput), Object(Symfony\Component\Console\Output\ConsoleOutput))
#16 /home/wgs-lap121/public_html/php/asia-foundation-survey/vendor/symfony/console/Symfony/Component/Console/Application.php(124): Symfony\Component\Console\Application->doRun(Object(Symfony\Component\Console\Input\ArgvInput), Object(Symfony\Component\Console\Output\ConsoleOutput))
#17 /home/wgs-lap121/public_html/php/asia-foundation-survey/artisan(59): Symfony\Component\Console\Application->run()
#18 {main} [] []
[2014-10-03 04:06:01] production.ERROR: exception 'PDOException' with message 'SQLSTATE[42000] [1049] Unknown database 'asia_foundation_survey'' in /home/wgs-lap121/public_html/php/asia-foundation-survey/vendor/laravel/framework/src/Illuminate/Database/Connectors/Connector.php:47
Stack trace:
#0 /home/wgs-lap121/public_html/php/asia-foundation-survey/vendor/laravel/framework/src/Illuminate/Database/Connectors/Connector.php(47): PDO->__construct('mysql:host=loca...', 'root', '12345678', Array)
#1 /home/wgs-lap121/public_html/php/asia-foundation-survey/vendor/laravel/framework/src/Illuminate/Database/Connectors/MySqlConnector.php(20): Illuminate\Database\Connectors\Connector->createConnection('mysql:host=loca...', Array, Array)
#2 /home/wgs-lap121/public_html/php/asia-foundation-survey/bootstrap/compiled.php(7628): Illuminate\Database\Connectors\MySqlConnector->connect(Array)
#3 /home/wgs-lap121/public_html/php/asia-foundation-survey/bootstrap/compiled.php(7624): Illuminate\Database\Connectors\ConnectionFactory->createSingleConnection(Array)
#4 /home/wgs-lap121/public_html/php/asia-foundation-survey/bootstrap/compiled.php(7536): Illuminate\Database\Connectors\ConnectionFactory->make(Array, 'mysql')
#5 /home/wgs-lap121/public_html/php/asia-foundation-survey/bootstrap/compiled.php(7491): Illuminate\Database\DatabaseManager->makeConnection('mysql')
#6 /home/wgs-lap121/public_html/php/asia-foundation-survey/vendor/laravel/framework/src/Illuminate/Database/Migrations/DatabaseMigrationRepository.php(167): Illuminate\Database\DatabaseManager->connection(NULL)
#7 /home/wgs-lap121/public_html/php/asia-foundation-survey/vendor/laravel/framework/src/Illuminate/Database/Migrations/DatabaseMigrationRepository.php(135): Illuminate\Database\Migrations\DatabaseMigrationRepository->getConnection()
#8 /home/wgs-lap121/public_html/php/asia-foundation-survey/vendor/laravel/framework/src/Illuminate/Database/Migrations/Migrator.php(371): Illuminate\Database\Migrations\DatabaseMigrationRepository->repositoryExists()
#9 /home/wgs-lap121/public_html/php/asia-foundation-survey/vendor/laravel/framework/src/Illuminate/Database/Console/Migrations/MigrateCommand.php(98): Illuminate\Database\Migrations\Migrator->repositoryExists()
#10 /home/wgs-lap121/public_html/php/asia-foundation-survey/vendor/laravel/framework/src/Illuminate/Database/Console/Migrations/MigrateCommand.php(61): Illuminate\Database\Console\Migrations\MigrateCommand->prepareDatabase()
#11 /home/wgs-lap121/public_html/php/asia-foundation-survey/vendor/laravel/framework/src/Illuminate/Console/Command.php(112): Illuminate\Database\Console\Migrations\MigrateCommand->fire()
#12 /home/wgs-lap121/public_html/php/asia-foundation-survey/vendor/symfony/console/Symfony/Component/Console/Command/Command.php(252): Illuminate\Console\Command->execute(Object(Symfony\Component\Console\Input\ArgvInput), Object(Symfony\Component\Console\Output\ConsoleOutput))
#13 /home/wgs-lap121/public_html/php/asia-foundation-survey/vendor/laravel/framework/src/Illuminate/Console/Command.php(100): Symfony\Component\Console\Command\Command->run(Object(Symfony\Component\Console\Input\ArgvInput), Object(Symfony\Component\Console\Output\ConsoleOutput))
#14 /home/wgs-lap121/public_html/php/asia-foundation-survey/vendor/symfony/console/Symfony/Component/Console/Application.php(889): Illuminate\Console\Command->run(Object(Symfony\Component\Console\Input\ArgvInput), Object(Symfony\Component\Console\Output\ConsoleOutput))
#15 /home/wgs-lap121/public_html/php/asia-foundation-survey/vendor/symfony/console/Symfony/Component/Console/Application.php(193): Symfony\Component\Console\Application->doRunCommand(Object(Illuminate\Database\Console\Migrations\MigrateCommand), Object(Symfony\Component\Console\Input\ArgvInput), Object(Symfony\Component\Console\Output\ConsoleOutput))
#16 /home/wgs-lap121/public_html/php/asia-foundation-survey/vendor/symfony/console/Symfony/Component/Console/Application.php(124): Symfony\Component\Console\Application->doRun(Object(Symfony\Component\Console\Input\ArgvInput), Object(Symfony\Component\Console\Output\ConsoleOutput))
#17 /home/wgs-lap121/public_html/php/asia-foundation-survey/artisan(59): Symfony\Component\Console\Application->run()
#18 {main} [] []
[2014-10-03 04:06:18] production.ERROR: exception 'PDOException' with message 'SQLSTATE[42S02]: Base table or view not found: 1146 Table 'asia_foundation_surveys.users' doesn't exist' in /home/wgs-lap121/public_html/php/asia-foundation-survey/vendor/laravel/framework/src/Illuminate/Database/Connection.php:299
Stack trace:
#0 /home/wgs-lap121/public_html/php/asia-foundation-survey/vendor/laravel/framework/src/Illuminate/Database/Connection.php(299): PDO->prepare('select count(*)...')
#1 /home/wgs-lap121/public_html/php/asia-foundation-survey/vendor/laravel/framework/src/Illuminate/Database/Connection.php(617): Illuminate\Database\Connection->Illuminate\Database\{closure}(Object(Illuminate\Database\MySqlConnection), 'select count(*)...', Array)
#2 /home/wgs-lap121/public_html/php/asia-foundation-survey/vendor/laravel/framework/src/Illuminate/Database/Connection.php(581): Illuminate\Database\Connection->runQueryCallback('select count(*)...', Array, Object(Closure))
#3 /home/wgs-lap121/public_html/php/asia-foundation-survey/vendor/laravel/framework/src/Illuminate/Database/Connection.php(304): Illuminate\Database\Connection->run('select count(*)...', Array, Object(Closure))
#4 /home/wgs-lap121/public_html/php/asia-foundation-survey/vendor/laravel/framework/src/Illuminate/Database/Query/Builder.php(1359): Illuminate\Database\Connection->select('select count(*)...', Array)
#5 /home/wgs-lap121/public_html/php/asia-foundation-survey/vendor/laravel/framework/src/Illuminate/Database/Query/Builder.php(1349): Illuminate\Database\Query\Builder->runSelect()
#6 /home/wgs-lap121/public_html/php/asia-foundation-survey/vendor/laravel/framework/src/Illuminate/Database/Query/Builder.php(1336): Illuminate\Database\Query\Builder->getFresh(Array)
#7 /home/wgs-lap121/public_html/php/asia-foundation-survey/vendor/laravel/framework/src/Illuminate/Database/Query/Builder.php(1771): Illuminate\Database\Query\Builder->get(Array)
#8 /home/wgs-lap121/public_html/php/asia-foundation-survey/vendor/laravel/framework/src/Illuminate/Database/Query/Builder.php(1709): Illuminate\Database\Query\Builder->aggregate('count', Array)
#9 [internal function]: Illuminate\Database\Query\Builder->count()
#10 /home/wgs-lap121/public_html/php/asia-foundation-survey/vendor/laravel/framework/src/Illuminate/Database/Eloquent/Builder.php(908): call_user_func_array(Array, Array)
#11 [internal function]: Illuminate\Database\Eloquent\Builder->__call('count', Array)
#12 [internal function]: Illuminate\Database\Eloquent\Builder->count()
#13 /home/wgs-lap121/public_html/php/asia-foundation-survey/bootstrap/compiled.php(7444): call_user_func_array(Array, Array)
#14 [internal function]: Illuminate\Database\Eloquent\Model->__call('count', Array)
#15 [internal function]: App\Modules\Avelca_User\Models\User->count()
#16 /home/wgs-lap121/public_html/php/asia-foundation-survey/bootstrap/compiled.php(7449): call_user_func_array(Array, Array)
#17 /home/wgs-lap121/public_html/php/asia-foundation-survey/app/modules/avelca_user/controllers/UserController.php(128): Illuminate\Database\Eloquent\Model::__callStatic('count', Array)
#18 /home/wgs-lap121/public_html/php/asia-foundation-survey/app/modules/avelca_user/controllers/UserController.php(128): App\Modules\Avelca_User\Models\User::count()
#19 [internal function]: App\Modules\Avelca_User\Controllers\UserController->getSignIn()
#20 /home/wgs-lap121/public_html/php/asia-foundation-survey/vendor/laravel/framework/src/Illuminate/Routing/Controller.php(231): call_user_func_array(Array, Array)
#21 /home/wgs-lap121/public_html/php/asia-foundation-survey/bootstrap/compiled.php(5776): Illuminate\Routing\Controller->callAction('getSignIn', Array)
#22 /home/wgs-lap121/public_html/php/asia-foundation-survey/bootstrap/compiled.php(5764): Illuminate\Routing\ControllerDispatcher->call(Object(App\Modules\Avelca_User\Controllers\UserController), Object(Illuminate\Routing\Route), 'getSignIn')
#23 /home/wgs-lap121/public_html/php/asia-foundation-survey/bootstrap/compiled.php(4971): Illuminate\Routing\ControllerDispatcher->dispatch(Object(Illuminate\Routing\Route), Object(Illuminate\Http\Request), '\\App\\Modules\\Av...', 'getSignIn')
#24 [internal function]: Illuminate\Routing\Router->Illuminate\Routing\{closure}()
#25 /home/wgs-lap121/public_html/php/asia-foundation-survey/bootstrap/compiled.php(5329): call_user_func_array(Object(Closure), Array)
#26 /home/wgs-lap121/public_html/php/asia-foundation-survey/bootstrap/compiled.php(4996): Illuminate\Routing\Route->run(Object(Illuminate\Http\Request))
#27 /home/wgs-lap121/public_html/php/asia-foundation-survey/bootstrap/compiled.php(4984): Illuminate\Routing\Router->dispatchToRoute(Object(Illuminate\Http\Request))
#28 /home/wgs-lap121/public_html/php/asia-foundation-survey/bootstrap/compiled.php(715): Illuminate\Routing\Router->dispatch(Object(Illuminate\Http\Request))
#29 /home/wgs-lap121/public_html/php/asia-foundation-survey/bootstrap/compiled.php(696): Illuminate\Foundation\Application->dispatch(Object(Illuminate\Http\Request))
#30 /home/wgs-lap121/public_html/php/asia-foundation-survey/bootstrap/compiled.php(7740): Illuminate\Foundation\Application->handle(Object(Illuminate\Http\Request), 1, true)
#31 /home/wgs-lap121/public_html/php/asia-foundation-survey/bootstrap/compiled.php(8347): Illuminate\Session\Middleware->handle(Object(Illuminate\Http\Request), 1, true)
#32 /home/wgs-lap121/public_html/php/asia-foundation-survey/bootstrap/compiled.php(8294): Illuminate\Cookie\Queue->handle(Object(Illuminate\Http\Request), 1, true)
#33 /home/wgs-lap121/public_html/php/asia-foundation-survey/bootstrap/compiled.php(10953): Illuminate\Cookie\Guard->handle(Object(Illuminate\Http\Request), 1, true)
#34 /home/wgs-lap121/public_html/php/asia-foundation-survey/bootstrap/compiled.php(657): Stack\StackedHttpKernel->handle(Object(Illuminate\Http\Request))
#35 /home/wgs-lap121/public_html/php/asia-foundation-survey/public/index.php(49): Illuminate\Foundation\Application->run()
#36 {main}

Next exception 'Illuminate\Database\QueryException' with message 'SQLSTATE[42S02]: Base table or view not found: 1146 Table 'asia_foundation_surveys.users' doesn't exist (SQL: select count(*) as aggregate from `users` where `users`.`deleted_at` is null)' in /home/wgs-lap121/public_html/php/asia-foundation-survey/vendor/laravel/framework/src/Illuminate/Database/Connection.php:625
Stack trace:
#0 /home/wgs-lap121/public_html/php/asia-foundation-survey/vendor/laravel/framework/src/Illuminate/Database/Connection.php(581): Illuminate\Database\Connection->runQueryCallback('select count(*)...', Array, Object(Closure))
#1 /home/wgs-lap121/public_html/php/asia-foundation-survey/vendor/laravel/framework/src/Illuminate/Database/Connection.php(304): Illuminate\Database\Connection->run('select count(*)...', Array, Object(Closure))
#2 /home/wgs-lap121/public_html/php/asia-foundation-survey/vendor/laravel/framework/src/Illuminate/Database/Query/Builder.php(1359): Illuminate\Database\Connection->select('select count(*)...', Array)
#3 /home/wgs-lap121/public_html/php/asia-foundation-survey/vendor/laravel/framework/src/Illuminate/Database/Query/Builder.php(1349): Illuminate\Database\Query\Builder->runSelect()
#4 /home/wgs-lap121/public_html/php/asia-foundation-survey/vendor/laravel/framework/src/Illuminate/Database/Query/Builder.php(1336): Illuminate\Database\Query\Builder->getFresh(Array)
#5 /home/wgs-lap121/public_html/php/asia-foundation-survey/vendor/laravel/framework/src/Illuminate/Database/Query/Builder.php(1771): Illuminate\Database\Query\Builder->get(Array)
#6 /home/wgs-lap121/public_html/php/asia-foundation-survey/vendor/laravel/framework/src/Illuminate/Database/Query/Builder.php(1709): Illuminate\Database\Query\Builder->aggregate('count', Array)
#7 [internal function]: Illuminate\Database\Query\Builder->count()
#8 /home/wgs-lap121/public_html/php/asia-foundation-survey/vendor/laravel/framework/src/Illuminate/Database/Eloquent/Builder.php(908): call_user_func_array(Array, Array)
#9 [internal function]: Illuminate\Database\Eloquent\Builder->__call('count', Array)
#10 [internal function]: Illuminate\Database\Eloquent\Builder->count()
#11 /home/wgs-lap121/public_html/php/asia-foundation-survey/bootstrap/compiled.php(7444): call_user_func_array(Array, Array)
#12 [internal function]: Illuminate\Database\Eloquent\Model->__call('count', Array)
#13 [internal function]: App\Modules\Avelca_User\Models\User->count()
#14 /home/wgs-lap121/public_html/php/asia-foundation-survey/bootstrap/compiled.php(7449): call_user_func_array(Array, Array)
#15 /home/wgs-lap121/public_html/php/asia-foundation-survey/app/modules/avelca_user/controllers/UserController.php(128): Illuminate\Database\Eloquent\Model::__callStatic('count', Array)
#16 /home/wgs-lap121/public_html/php/asia-foundation-survey/app/modules/avelca_user/controllers/UserController.php(128): App\Modules\Avelca_User\Models\User::count()
#17 [internal function]: App\Modules\Avelca_User\Controllers\UserController->getSignIn()
#18 /home/wgs-lap121/public_html/php/asia-foundation-survey/vendor/laravel/framework/src/Illuminate/Routing/Controller.php(231): call_user_func_array(Array, Array)
#19 /home/wgs-lap121/public_html/php/asia-foundation-survey/bootstrap/compiled.php(5776): Illuminate\Routing\Controller->callAction('getSignIn', Array)
#20 /home/wgs-lap121/public_html/php/asia-foundation-survey/bootstrap/compiled.php(5764): Illuminate\Routing\ControllerDispatcher->call(Object(App\Modules\Avelca_User\Controllers\UserController), Object(Illuminate\Routing\Route), 'getSignIn')
#21 /home/wgs-lap121/public_html/php/asia-foundation-survey/bootstrap/compiled.php(4971): Illuminate\Routing\ControllerDispatcher->dispatch(Object(Illuminate\Routing\Route), Object(Illuminate\Http\Request), '\\App\\Modules\\Av...', 'getSignIn')
#22 [internal function]: Illuminate\Routing\Router->Illuminate\Routing\{closure}()
#23 /home/wgs-lap121/public_html/php/asia-foundation-survey/bootstrap/compiled.php(5329): call_user_func_array(Object(Closure), Array)
#24 /home/wgs-lap121/public_html/php/asia-foundation-survey/bootstrap/compiled.php(4996): Illuminate\Routing\Route->run(Object(Illuminate\Http\Request))
#25 /home/wgs-lap121/public_html/php/asia-foundation-survey/bootstrap/compiled.php(4984): Illuminate\Routing\Router->dispatchToRoute(Object(Illuminate\Http\Request))
#26 /home/wgs-lap121/public_html/php/asia-foundation-survey/bootstrap/compiled.php(715): Illuminate\Routing\Router->dispatch(Object(Illuminate\Http\Request))
#27 /home/wgs-lap121/public_html/php/asia-foundation-survey/bootstrap/compiled.php(696): Illuminate\Foundation\Application->dispatch(Object(Illuminate\Http\Request))
#28 /home/wgs-lap121/public_html/php/asia-foundation-survey/bootstrap/compiled.php(7740): Illuminate\Foundation\Application->handle(Object(Illuminate\Http\Request), 1, true)
#29 /home/wgs-lap121/public_html/php/asia-foundation-survey/bootstrap/compiled.php(8347): Illuminate\Session\Middleware->handle(Object(Illuminate\Http\Request), 1, true)
#30 /home/wgs-lap121/public_html/php/asia-foundation-survey/bootstrap/compiled.php(8294): Illuminate\Cookie\Queue->handle(Object(Illuminate\Http\Request), 1, true)
#31 /home/wgs-lap121/public_html/php/asia-foundation-survey/bootstrap/compiled.php(10953): Illuminate\Cookie\Guard->handle(Object(Illuminate\Http\Request), 1, true)
#32 /home/wgs-lap121/public_html/php/asia-foundation-survey/bootstrap/compiled.php(657): Stack\StackedHttpKernel->handle(Object(Illuminate\Http\Request))
#33 /home/wgs-lap121/public_html/php/asia-foundation-survey/public/index.php(49): Illuminate\Foundation\Application->run()
#34 {main} [] []
[2014-10-03 06:15:42] production.ERROR: exception 'ErrorException' with message 'file_put_contents(/home/wgs-lap121/public_html/php/asia-foundation-survey/app/storage/views/6424df390ff4d587521247e6f8ce7365): failed to open stream: Permission denied' in /home/wgs-lap121/public_html/php/asia-foundation-survey/bootstrap/compiled.php:4159
Stack trace:
#0 [internal function]: Illuminate\Exception\Handler->handleError(2, 'file_put_conten...', '/home/wgs-lap12...', 4159, Array)
#1 /home/wgs-lap121/public_html/php/asia-foundation-survey/bootstrap/compiled.php(4159): file_put_contents('/home/wgs-lap12...', '<?php $__env->s...')
#2 /home/wgs-lap121/public_html/php/asia-foundation-survey/vendor/laravel/framework/src/Illuminate/View/Compilers/BladeCompiler.php(80): Illuminate\Filesystem\Filesystem->put('/home/wgs-lap12...', '<?php $__env->s...')
#3 /home/wgs-lap121/public_html/php/asia-foundation-survey/vendor/laravel/framework/src/Illuminate/View/Engines/CompilerEngine.php(48): Illuminate\View\Compilers\BladeCompiler->compile('/home/wgs-lap12...')
#4 /home/wgs-lap121/public_html/php/asia-foundation-survey/bootstrap/compiled.php(9672): Illuminate\View\Engines\CompilerEngine->get('/home/wgs-lap12...', Array)
#5 /home/wgs-lap121/public_html/php/asia-foundation-survey/bootstrap/compiled.php(9659): Illuminate\View\View->getContents()
#6 /home/wgs-lap121/public_html/php/asia-foundation-survey/bootstrap/compiled.php(9650): Illuminate\View\View->renderContents()
#7 /home/wgs-lap121/public_html/php/asia-foundation-survey/bootstrap/compiled.php(10353): Illuminate\View\View->render()
#8 /home/wgs-lap121/public_html/php/asia-foundation-survey/bootstrap/compiled.php(9882): Illuminate\Http\Response->setContent(Object(Illuminate\View\View))
#9 /home/wgs-lap121/public_html/php/asia-foundation-survey/bootstrap/compiled.php(5189): Symfony\Component\HttpFoundation\Response->__construct(Object(Illuminate\View\View))
#10 /home/wgs-lap121/public_html/php/asia-foundation-survey/bootstrap/compiled.php(4998): Illuminate\Routing\Router->prepareResponse(Object(Illuminate\Http\Request), Object(Illuminate\View\View))
#11 /home/wgs-lap121/public_html/php/asia-foundation-survey/bootstrap/compiled.php(4984): Illuminate\Routing\Router->dispatchToRoute(Object(Illuminate\Http\Request))
#12 /home/wgs-lap121/public_html/php/asia-foundation-survey/bootstrap/compiled.php(715): Illuminate\Routing\Router->dispatch(Object(Illuminate\Http\Request))
#13 /home/wgs-lap121/public_html/php/asia-foundation-survey/bootstrap/compiled.php(696): Illuminate\Foundation\Application->dispatch(Object(Illuminate\Http\Request))
#14 /home/wgs-lap121/public_html/php/asia-foundation-survey/bootstrap/compiled.php(7740): Illuminate\Foundation\Application->handle(Object(Illuminate\Http\Request), 1, true)
#15 /home/wgs-lap121/public_html/php/asia-foundation-survey/bootstrap/compiled.php(8347): Illuminate\Session\Middleware->handle(Object(Illuminate\Http\Request), 1, true)
#16 /home/wgs-lap121/public_html/php/asia-foundation-survey/bootstrap/compiled.php(8294): Illuminate\Cookie\Queue->handle(Object(Illuminate\Http\Request), 1, true)
#17 /home/wgs-lap121/public_html/php/asia-foundation-survey/bootstrap/compiled.php(10953): Illuminate\Cookie\Guard->handle(Object(Illuminate\Http\Request), 1, true)
#18 /home/wgs-lap121/public_html/php/asia-foundation-survey/bootstrap/compiled.php(657): Stack\StackedHttpKernel->handle(Object(Illuminate\Http\Request))
#19 /home/wgs-lap121/public_html/php/asia-foundation-survey/public/index.php(49): Illuminate\Foundation\Application->run()
#20 {main} [] []
[2014-10-03 06:24:47] production.ERROR: exception 'ErrorException' with message 'file_put_contents(/home/wgs-lap121/public_html/php/asia-foundation-survey/app/storage/views/6424df390ff4d587521247e6f8ce7365): failed to open stream: Permission denied' in /home/wgs-lap121/public_html/php/asia-foundation-survey/bootstrap/compiled.php:4159
Stack trace:
#0 [internal function]: Illuminate\Exception\Handler->handleError(2, 'file_put_conten...', '/home/wgs-lap12...', 4159, Array)
#1 /home/wgs-lap121/public_html/php/asia-foundation-survey/bootstrap/compiled.php(4159): file_put_contents('/home/wgs-lap12...', '<?php $__env->s...')
#2 /home/wgs-lap121/public_html/php/asia-foundation-survey/vendor/laravel/framework/src/Illuminate/View/Compilers/BladeCompiler.php(80): Illuminate\Filesystem\Filesystem->put('/home/wgs-lap12...', '<?php $__env->s...')
#3 /home/wgs-lap121/public_html/php/asia-foundation-survey/vendor/laravel/framework/src/Illuminate/View/Engines/CompilerEngine.php(48): Illuminate\View\Compilers\BladeCompiler->compile('/home/wgs-lap12...')
#4 /home/wgs-lap121/public_html/php/asia-foundation-survey/bootstrap/compiled.php(9672): Illuminate\View\Engines\CompilerEngine->get('/home/wgs-lap12...', Array)
#5 /home/wgs-lap121/public_html/php/asia-foundation-survey/bootstrap/compiled.php(9659): Illuminate\View\View->getContents()
#6 /home/wgs-lap121/public_html/php/asia-foundation-survey/bootstrap/compiled.php(9650): Illuminate\View\View->renderContents()
#7 /home/wgs-lap121/public_html/php/asia-foundation-survey/bootstrap/compiled.php(10353): Illuminate\View\View->render()
#8 /home/wgs-lap121/public_html/php/asia-foundation-survey/bootstrap/compiled.php(9882): Illuminate\Http\Response->setContent(Object(Illuminate\View\View))
#9 /home/wgs-lap121/public_html/php/asia-foundation-survey/bootstrap/compiled.php(5189): Symfony\Component\HttpFoundation\Response->__construct(Object(Illuminate\View\View))
#10 /home/wgs-lap121/public_html/php/asia-foundation-survey/bootstrap/compiled.php(4998): Illuminate\Routing\Router->prepareResponse(Object(Illuminate\Http\Request), Object(Illuminate\View\View))
#11 /home/wgs-lap121/public_html/php/asia-foundation-survey/bootstrap/compiled.php(4984): Illuminate\Routing\Router->dispatchToRoute(Object(Illuminate\Http\Request))
#12 /home/wgs-lap121/public_html/php/asia-foundation-survey/bootstrap/compiled.php(715): Illuminate\Routing\Router->dispatch(Object(Illuminate\Http\Request))
#13 /home/wgs-lap121/public_html/php/asia-foundation-survey/bootstrap/compiled.php(696): Illuminate\Foundation\Application->dispatch(Object(Illuminate\Http\Request))
#14 /home/wgs-lap121/public_html/php/asia-foundation-survey/bootstrap/compiled.php(7740): Illuminate\Foundation\Application->handle(Object(Illuminate\Http\Request), 1, true)
#15 /home/wgs-lap121/public_html/php/asia-foundation-survey/bootstrap/compiled.php(8347): Illuminate\Session\Middleware->handle(Object(Illuminate\Http\Request), 1, true)
#16 /home/wgs-lap121/public_html/php/asia-foundation-survey/bootstrap/compiled.php(8294): Illuminate\Cookie\Queue->handle(Object(Illuminate\Http\Request), 1, true)
#17 /home/wgs-lap121/public_html/php/asia-foundation-survey/bootstrap/compiled.php(10953): Illuminate\Cookie\Guard->handle(Object(Illuminate\Http\Request), 1, true)
#18 /home/wgs-lap121/public_html/php/asia-foundation-survey/bootstrap/compiled.php(657): Stack\StackedHttpKernel->handle(Object(Illuminate\Http\Request))
#19 /home/wgs-lap121/public_html/php/asia-foundation-survey/public/index.php(49): Illuminate\Foundation\Application->run()
#20 {main} [] []
[2014-10-03 08:31:14] production.ERROR: exception 'ErrorException' with message 'file_put_contents(/home/wgs-lap121/public_html/php/asia-foundation-survey/app/storage/views/6424df390ff4d587521247e6f8ce7365): failed to open stream: Permission denied' in /home/wgs-lap121/public_html/php/asia-foundation-survey/bootstrap/compiled.php:4159
Stack trace:
#0 [internal function]: Illuminate\Exception\Handler->handleError(2, 'file_put_conten...', '/home/wgs-lap12...', 4159, Array)
#1 /home/wgs-lap121/public_html/php/asia-foundation-survey/bootstrap/compiled.php(4159): file_put_contents('/home/wgs-lap12...', '<?php $__env->s...')
#2 /home/wgs-lap121/public_html/php/asia-foundation-survey/vendor/laravel/framework/src/Illuminate/View/Compilers/BladeCompiler.php(80): Illuminate\Filesystem\Filesystem->put('/home/wgs-lap12...', '<?php $__env->s...')
#3 /home/wgs-lap121/public_html/php/asia-foundation-survey/vendor/laravel/framework/src/Illuminate/View/Engines/CompilerEngine.php(48): Illuminate\View\Compilers\BladeCompiler->compile('/home/wgs-lap12...')
#4 /home/wgs-lap121/public_html/php/asia-foundation-survey/bootstrap/compiled.php(9672): Illuminate\View\Engines\CompilerEngine->get('/home/wgs-lap12...', Array)
#5 /home/wgs-lap121/public_html/php/asia-foundation-survey/bootstrap/compiled.php(9659): Illuminate\View\View->getContents()
#6 /home/wgs-lap121/public_html/php/asia-foundation-survey/bootstrap/compiled.php(9650): Illuminate\View\View->renderContents()
#7 /home/wgs-lap121/public_html/php/asia-foundation-survey/bootstrap/compiled.php(10353): Illuminate\View\View->render()
#8 /home/wgs-lap121/public_html/php/asia-foundation-survey/bootstrap/compiled.php(9882): Illuminate\Http\Response->setContent(Object(Illuminate\View\View))
#9 /home/wgs-lap121/public_html/php/asia-foundation-survey/bootstrap/compiled.php(5189): Symfony\Component\HttpFoundation\Response->__construct(Object(Illuminate\View\View))
#10 /home/wgs-lap121/public_html/php/asia-foundation-survey/bootstrap/compiled.php(4998): Illuminate\Routing\Router->prepareResponse(Object(Illuminate\Http\Request), Object(Illuminate\View\View))
#11 /home/wgs-lap121/public_html/php/asia-foundation-survey/bootstrap/compiled.php(4984): Illuminate\Routing\Router->dispatchToRoute(Object(Illuminate\Http\Request))
#12 /home/wgs-lap121/public_html/php/asia-foundation-survey/bootstrap/compiled.php(715): Illuminate\Routing\Router->dispatch(Object(Illuminate\Http\Request))
#13 /home/wgs-lap121/public_html/php/asia-foundation-survey/bootstrap/compiled.php(696): Illuminate\Foundation\Application->dispatch(Object(Illuminate\Http\Request))
#14 /home/wgs-lap121/public_html/php/asia-foundation-survey/bootstrap/compiled.php(7740): Illuminate\Foundation\Application->handle(Object(Illuminate\Http\Request), 1, true)
#15 /home/wgs-lap121/public_html/php/asia-foundation-survey/bootstrap/compiled.php(8347): Illuminate\Session\Middleware->handle(Object(Illuminate\Http\Request), 1, true)
#16 /home/wgs-lap121/public_html/php/asia-foundation-survey/bootstrap/compiled.php(8294): Illuminate\Cookie\Queue->handle(Object(Illuminate\Http\Request), 1, true)
#17 /home/wgs-lap121/public_html/php/asia-foundation-survey/bootstrap/compiled.php(10953): Illuminate\Cookie\Guard->handle(Object(Illuminate\Http\Request), 1, true)
#18 /home/wgs-lap121/public_html/php/asia-foundation-survey/bootstrap/compiled.php(657): Stack\StackedHttpKernel->handle(Object(Illuminate\Http\Request))
#19 /home/wgs-lap121/public_html/php/asia-foundation-survey/public/index.php(49): Illuminate\Foundation\Application->run()
#20 {main} [] []
[2014-10-03 08:31:14] production.ERROR: exception 'ErrorException' with message 'file_put_contents(/home/wgs-lap121/public_html/php/asia-foundation-survey/app/storage/sessions/b668951ad744947a604a19566c76b4fb8931f7df): failed to open stream: Permission denied' in /home/wgs-lap121/public_html/php/asia-foundation-survey/bootstrap/compiled.php:4159
Stack trace:
#0 [internal function]: Illuminate\Exception\Handler->handleError(2, 'file_put_conten...', '/home/wgs-lap12...', 4159, Array)
#1 /home/wgs-lap121/public_html/php/asia-foundation-survey/bootstrap/compiled.php(4159): file_put_contents('/home/wgs-lap12...', 'a:5:{s:6:"_toke...')
#2 /home/wgs-lap121/public_html/php/asia-foundation-survey/vendor/laravel/framework/src/Illuminate/Session/FileSessionHandler.php(69): Illuminate\Filesystem\Filesystem->put('/home/wgs-lap12...', 'a:5:{s:6:"_toke...')
#3 /home/wgs-lap121/public_html/php/asia-foundation-survey/bootstrap/compiled.php(7914): Illuminate\Session\FileSessionHandler->write('b668951ad744947...', 'a:5:{s:6:"_toke...')
#4 /home/wgs-lap121/public_html/php/asia-foundation-survey/bootstrap/compiled.php(7764): Illuminate\Session\Store->save()
#5 /home/wgs-lap121/public_html/php/asia-foundation-survey/bootstrap/compiled.php(7742): Illuminate\Session\Middleware->closeSession(Object(Illuminate\Session\Store))
#6 /home/wgs-lap121/public_html/php/asia-foundation-survey/bootstrap/compiled.php(8347): Illuminate\Session\Middleware->handle(Object(Illuminate\Http\Request), 1, true)
#7 /home/wgs-lap121/public_html/php/asia-foundation-survey/bootstrap/compiled.php(8294): Illuminate\Cookie\Queue->handle(Object(Illuminate\Http\Request), 1, true)
#8 /home/wgs-lap121/public_html/php/asia-foundation-survey/bootstrap/compiled.php(10953): Illuminate\Cookie\Guard->handle(Object(Illuminate\Http\Request), 1, true)
#9 /home/wgs-lap121/public_html/php/asia-foundation-survey/bootstrap/compiled.php(657): Stack\StackedHttpKernel->handle(Object(Illuminate\Http\Request))
#10 /home/wgs-lap121/public_html/php/asia-foundation-survey/public/index.php(49): Illuminate\Foundation\Application->run()
#11 {main} [] []
[2014-10-03 09:25:20] production.ERROR: exception 'ErrorException' with message 'Undefined variable: data' in /home/wgs-lap121/public_html/php/asia-foundation-survey/app/storage/views/8e5e00cc19ac22ac358872479b78f667:66
Stack trace:
#0 /home/wgs-lap121/public_html/php/asia-foundation-survey/app/storage/views/8e5e00cc19ac22ac358872479b78f667(66): Illuminate\Exception\Handler->handleError(8, 'Undefined varia...', '/home/wgs-lap12...', 66, Array)
#1 /home/wgs-lap121/public_html/php/asia-foundation-survey/bootstrap/compiled.php(9794): include('/home/wgs-lap12...')
#2 /home/wgs-lap121/public_html/php/asia-foundation-survey/vendor/laravel/framework/src/Illuminate/View/Engines/CompilerEngine.php(56): Illuminate\View\Engines\PhpEngine->evaluatePath('/home/wgs-lap12...', Array)
#3 /home/wgs-lap121/public_html/php/asia-foundation-survey/bootstrap/compiled.php(9672): Illuminate\View\Engines\CompilerEngine->get('/home/wgs-lap12...', Array)
#4 /home/wgs-lap121/public_html/php/asia-foundation-survey/bootstrap/compiled.php(9659): Illuminate\View\View->getContents()
#5 /home/wgs-lap121/public_html/php/asia-foundation-survey/bootstrap/compiled.php(9650): Illuminate\View\View->renderContents()
#6 /home/wgs-lap121/public_html/php/asia-foundation-survey/app/storage/views/6424df390ff4d587521247e6f8ce7365(172): Illuminate\View\View->render()
#7 /home/wgs-lap121/public_html/php/asia-foundation-survey/bootstrap/compiled.php(9794): include('/home/wgs-lap12...')
#8 /home/wgs-lap121/public_html/php/asia-foundation-survey/vendor/laravel/framework/src/Illuminate/View/Engines/CompilerEngine.php(56): Illuminate\View\Engines\PhpEngine->evaluatePath('/home/wgs-lap12...', Array)
#9 /home/wgs-lap121/public_html/php/asia-foundation-survey/bootstrap/compiled.php(9672): Illuminate\View\Engines\CompilerEngine->get('/home/wgs-lap12...', Array)
#10 /home/wgs-lap121/public_html/php/asia-foundation-survey/bootstrap/compiled.php(9659): Illuminate\View\View->getContents()
#11 /home/wgs-lap121/public_html/php/asia-foundation-survey/bootstrap/compiled.php(9650): Illuminate\View\View->renderContents()
#12 /home/wgs-lap121/public_html/php/asia-foundation-survey/bootstrap/compiled.php(10353): Illuminate\View\View->render()
#13 /home/wgs-lap121/public_html/php/asia-foundation-survey/bootstrap/compiled.php(9882): Illuminate\Http\Response->setContent(Object(Illuminate\View\View))
#14 /home/wgs-lap121/public_html/php/asia-foundation-survey/bootstrap/compiled.php(5189): Symfony\Component\HttpFoundation\Response->__construct(Object(Illuminate\View\View))
#15 /home/wgs-lap121/public_html/php/asia-foundation-survey/bootstrap/compiled.php(4998): Illuminate\Routing\Router->prepareResponse(Object(Illuminate\Http\Request), Object(Illuminate\View\View))
#16 /home/wgs-lap121/public_html/php/asia-foundation-survey/bootstrap/compiled.php(4984): Illuminate\Routing\Router->dispatchToRoute(Object(Illuminate\Http\Request))
#17 /home/wgs-lap121/public_html/php/asia-foundation-survey/bootstrap/compiled.php(715): Illuminate\Routing\Router->dispatch(Object(Illuminate\Http\Request))
#18 /home/wgs-lap121/public_html/php/asia-foundation-survey/bootstrap/compiled.php(696): Illuminate\Foundation\Application->dispatch(Object(Illuminate\Http\Request))
#19 /home/wgs-lap121/public_html/php/asia-foundation-survey/bootstrap/compiled.php(7740): Illuminate\Foundation\Application->handle(Object(Illuminate\Http\Request), 1, true)
#20 /home/wgs-lap121/public_html/php/asia-foundation-survey/bootstrap/compiled.php(8347): Illuminate\Session\Middleware->handle(Object(Illuminate\Http\Request), 1, true)
#21 /home/wgs-lap121/public_html/php/asia-foundation-survey/bootstrap/compiled.php(8294): Illuminate\Cookie\Queue->handle(Object(Illuminate\Http\Request), 1, true)
#22 /home/wgs-lap121/public_html/php/asia-foundation-survey/bootstrap/compiled.php(10953): Illuminate\Cookie\Guard->handle(Object(Illuminate\Http\Request), 1, true)
#23 /home/wgs-lap121/public_html/php/asia-foundation-survey/bootstrap/compiled.php(657): Stack\StackedHttpKernel->handle(Object(Illuminate\Http\Request))
#24 /home/wgs-lap121/public_html/php/asia-foundation-survey/public/index.php(49): Illuminate\Foundation\Application->run()
#25 {main}

Next exception 'ErrorException' with message 'Undefined variable: data (View: /home/wgs-lap121/public_html/php/asia-foundation-survey/public/themes/avelca_frontend/views/layouts/default.blade.php)' in /home/wgs-lap121/public_html/php/asia-foundation-survey/app/storage/views/8e5e00cc19ac22ac358872479b78f667:66
Stack trace:
#0 /home/wgs-lap121/public_html/php/asia-foundation-survey/bootstrap/compiled.php(9796): Illuminate\View\Engines\CompilerEngine->handleViewException(Object(ErrorException), 1)
#1 /home/wgs-lap121/public_html/php/asia-foundation-survey/vendor/laravel/framework/src/Illuminate/View/Engines/CompilerEngine.php(56): Illuminate\View\Engines\PhpEngine->evaluatePath('/home/wgs-lap12...', Array)
#2 /home/wgs-lap121/public_html/php/asia-foundation-survey/bootstrap/compiled.php(9672): Illuminate\View\Engines\CompilerEngine->get('/home/wgs-lap12...', Array)
#3 /home/wgs-lap121/public_html/php/asia-foundation-survey/bootstrap/compiled.php(9659): Illuminate\View\View->getContents()
#4 /home/wgs-lap121/public_html/php/asia-foundation-survey/bootstrap/compiled.php(9650): Illuminate\View\View->renderContents()
#5 /home/wgs-lap121/public_html/php/asia-foundation-survey/app/storage/views/6424df390ff4d587521247e6f8ce7365(172): Illuminate\View\View->render()
#6 /home/wgs-lap121/public_html/php/asia-foundation-survey/bootstrap/compiled.php(9794): include('/home/wgs-lap12...')
#7 /home/wgs-lap121/public_html/php/asia-foundation-survey/vendor/laravel/framework/src/Illuminate/View/Engines/CompilerEngine.php(56): Illuminate\View\Engines\PhpEngine->evaluatePath('/home/wgs-lap12...', Array)
#8 /home/wgs-lap121/public_html/php/asia-foundation-survey/bootstrap/compiled.php(9672): Illuminate\View\Engines\CompilerEngine->get('/home/wgs-lap12...', Array)
#9 /home/wgs-lap121/public_html/php/asia-foundation-survey/bootstrap/compiled.php(9659): Illuminate\View\View->getContents()
#10 /home/wgs-lap121/public_html/php/asia-foundation-survey/bootstrap/compiled.php(9650): Illuminate\View\View->renderContents()
#11 /home/wgs-lap121/public_html/php/asia-foundation-survey/bootstrap/compiled.php(10353): Illuminate\View\View->render()
#12 /home/wgs-lap121/public_html/php/asia-foundation-survey/bootstrap/compiled.php(9882): Illuminate\Http\Response->setContent(Object(Illuminate\View\View))
#13 /home/wgs-lap121/public_html/php/asia-foundation-survey/bootstrap/compiled.php(5189): Symfony\Component\HttpFoundation\Response->__construct(Object(Illuminate\View\View))
#14 /home/wgs-lap121/public_html/php/asia-foundation-survey/bootstrap/compiled.php(4998): Illuminate\Routing\Router->prepareResponse(Object(Illuminate\Http\Request), Object(Illuminate\View\View))
#15 /home/wgs-lap121/public_html/php/asia-foundation-survey/bootstrap/compiled.php(4984): Illuminate\Routing\Router->dispatchToRoute(Object(Illuminate\Http\Request))
#16 /home/wgs-lap121/public_html/php/asia-foundation-survey/bootstrap/compiled.php(715): Illuminate\Routing\Router->dispatch(Object(Illuminate\Http\Request))
#17 /home/wgs-lap121/public_html/php/asia-foundation-survey/bootstrap/compiled.php(696): Illuminate\Foundation\Application->dispatch(Object(Illuminate\Http\Request))
#18 /home/wgs-lap121/public_html/php/asia-foundation-survey/bootstrap/compiled.php(7740): Illuminate\Foundation\Application->handle(Object(Illuminate\Http\Request), 1, true)
#19 /home/wgs-lap121/public_html/php/asia-foundation-survey/bootstrap/compiled.php(8347): Illuminate\Session\Middleware->handle(Object(Illuminate\Http\Request), 1, true)
#20 /home/wgs-lap121/public_html/php/asia-foundation-survey/bootstrap/compiled.php(8294): Illuminate\Cookie\Queue->handle(Object(Illuminate\Http\Request), 1, true)
#21 /home/wgs-lap121/public_html/php/asia-foundation-survey/bootstrap/compiled.php(10953): Illuminate\Cookie\Guard->handle(Object(Illuminate\Http\Request), 1, true)
#22 /home/wgs-lap121/public_html/php/asia-foundation-survey/bootstrap/compiled.php(657): Stack\StackedHttpKernel->handle(Object(Illuminate\Http\Request))
#23 /home/wgs-lap121/public_html/php/asia-foundation-survey/public/index.php(49): Illuminate\Foundation\Application->run()
#24 {main}

Next exception 'ErrorException' with message 'Undefined variable: data (View: /home/wgs-lap121/public_html/php/asia-foundation-survey/public/themes/avelca_frontend/views/layouts/default.blade.php) (View: /home/wgs-lap121/public_html/php/asia-foundation-survey/public/themes/avelca_frontend/views/layouts/default.blade.php)' in /home/wgs-lap121/public_html/php/asia-foundation-survey/app/storage/views/8e5e00cc19ac22ac358872479b78f667:66
Stack trace:
#0 /home/wgs-lap121/public_html/php/asia-foundation-survey/bootstrap/compiled.php(9796): Illuminate\View\Engines\CompilerEngine->handleViewException(Object(ErrorException), 1)
#1 /home/wgs-lap121/public_html/php/asia-foundation-survey/vendor/laravel/framework/src/Illuminate/View/Engines/CompilerEngine.php(56): Illuminate\View\Engines\PhpEngine->evaluatePath('/home/wgs-lap12...', Array)
#2 /home/wgs-lap121/public_html/php/asia-foundation-survey/bootstrap/compiled.php(9672): Illuminate\View\Engines\CompilerEngine->get('/home/wgs-lap12...', Array)
#3 /home/wgs-lap121/public_html/php/asia-foundation-survey/bootstrap/compiled.php(9659): Illuminate\View\View->getContents()
#4 /home/wgs-lap121/public_html/php/asia-foundation-survey/bootstrap/compiled.php(9650): Illuminate\View\View->renderContents()
#5 /home/wgs-lap121/public_html/php/asia-foundation-survey/bootstrap/compiled.php(10353): Illuminate\View\View->render()
#6 /home/wgs-lap121/public_html/php/asia-foundation-survey/bootstrap/compiled.php(9882): Illuminate\Http\Response->setContent(Object(Illuminate\View\View))
#7 /home/wgs-lap121/public_html/php/asia-foundation-survey/bootstrap/compiled.php(5189): Symfony\Component\HttpFoundation\Response->__construct(Object(Illuminate\View\View))
#8 /home/wgs-lap121/public_html/php/asia-foundation-survey/bootstrap/compiled.php(4998): Illuminate\Routing\Router->prepareResponse(Object(Illuminate\Http\Request), Object(Illuminate\View\View))
#9 /home/wgs-lap121/public_html/php/asia-foundation-survey/bootstrap/compiled.php(4984): Illuminate\Routing\Router->dispatchToRoute(Object(Illuminate\Http\Request))
#10 /home/wgs-lap121/public_html/php/asia-foundation-survey/bootstrap/compiled.php(715): Illuminate\Routing\Router->dispatch(Object(Illuminate\Http\Request))
#11 /home/wgs-lap121/public_html/php/asia-foundation-survey/bootstrap/compiled.php(696): Illuminate\Foundation\Application->dispatch(Object(Illuminate\Http\Request))
#12 /home/wgs-lap121/public_html/php/asia-foundation-survey/bootstrap/compiled.php(7740): Illuminate\Foundation\Application->handle(Object(Illuminate\Http\Request), 1, true)
#13 /home/wgs-lap121/public_html/php/asia-foundation-survey/bootstrap/compiled.php(8347): Illuminate\Session\Middleware->handle(Object(Illuminate\Http\Request), 1, true)
#14 /home/wgs-lap121/public_html/php/asia-foundation-survey/bootstrap/compiled.php(8294): Illuminate\Cookie\Queue->handle(Object(Illuminate\Http\Request), 1, true)
#15 /home/wgs-lap121/public_html/php/asia-foundation-survey/bootstrap/compiled.php(10953): Illuminate\Cookie\Guard->handle(Object(Illuminate\Http\Request), 1, true)
#16 /home/wgs-lap121/public_html/php/asia-foundation-survey/bootstrap/compiled.php(657): Stack\StackedHttpKernel->handle(Object(Illuminate\Http\Request))
#17 /home/wgs-lap121/public_html/php/asia-foundation-survey/public/index.php(49): Illuminate\Foundation\Application->run()
#18 {main} [] []
[2014-10-03 09:27:05] production.ERROR: exception 'ErrorException' with message 'array_merge(): Argument #2 is not an array' in /home/wgs-lap121/public_html/php/asia-foundation-survey/vendor/laravel/framework/src/Illuminate/View/Factory.php:126
Stack trace:
#0 [internal function]: Illuminate\Exception\Handler->handleError(2, 'array_merge(): ...', '/home/wgs-lap12...', 126, Array)
#1 /home/wgs-lap121/public_html/php/asia-foundation-survey/vendor/laravel/framework/src/Illuminate/View/Factory.php(126): array_merge(Array, 'aaa')
#2 /home/wgs-lap121/public_html/php/asia-foundation-survey/bootstrap/compiled.php(3238): Illuminate\View\Factory->make('home.index', 'aaa')
#3 /home/wgs-lap121/public_html/php/asia-foundation-survey/app/controllers/HomeController.php(8): Illuminate\Support\Facades\Facade::__callStatic('make', Array)
#4 /home/wgs-lap121/public_html/php/asia-foundation-survey/app/controllers/HomeController.php(8): Illuminate\Support\Facades\View::make('home.index', 'aaa')
#5 [internal function]: HomeController->getIndex()
#6 /home/wgs-lap121/public_html/php/asia-foundation-survey/vendor/laravel/framework/src/Illuminate/Routing/Controller.php(231): call_user_func_array(Array, Array)
#7 /home/wgs-lap121/public_html/php/asia-foundation-survey/bootstrap/compiled.php(5776): Illuminate\Routing\Controller->callAction('getIndex', Array)
#8 /home/wgs-lap121/public_html/php/asia-foundation-survey/bootstrap/compiled.php(5764): Illuminate\Routing\ControllerDispatcher->call(Object(HomeController), Object(Illuminate\Routing\Route), 'getIndex')
#9 /home/wgs-lap121/public_html/php/asia-foundation-survey/bootstrap/compiled.php(4971): Illuminate\Routing\ControllerDispatcher->dispatch(Object(Illuminate\Routing\Route), Object(Illuminate\Http\Request), 'HomeController', 'getIndex')
#10 [internal function]: Illuminate\Routing\Router->Illuminate\Routing\{closure}()
#11 /home/wgs-lap121/public_html/php/asia-foundation-survey/bootstrap/compiled.php(5329): call_user_func_array(Object(Closure), Array)
#12 /home/wgs-lap121/public_html/php/asia-foundation-survey/bootstrap/compiled.php(4996): Illuminate\Routing\Route->run(Object(Illuminate\Http\Request))
#13 /home/wgs-lap121/public_html/php/asia-foundation-survey/bootstrap/compiled.php(4984): Illuminate\Routing\Router->dispatchToRoute(Object(Illuminate\Http\Request))
#14 /home/wgs-lap121/public_html/php/asia-foundation-survey/bootstrap/compiled.php(715): Illuminate\Routing\Router->dispatch(Object(Illuminate\Http\Request))
#15 /home/wgs-lap121/public_html/php/asia-foundation-survey/bootstrap/compiled.php(696): Illuminate\Foundation\Application->dispatch(Object(Illuminate\Http\Request))
#16 /home/wgs-lap121/public_html/php/asia-foundation-survey/bootstrap/compiled.php(7740): Illuminate\Foundation\Application->handle(Object(Illuminate\Http\Request), 1, true)
#17 /home/wgs-lap121/public_html/php/asia-foundation-survey/bootstrap/compiled.php(8347): Illuminate\Session\Middleware->handle(Object(Illuminate\Http\Request), 1, true)
#18 /home/wgs-lap121/public_html/php/asia-foundation-survey/bootstrap/compiled.php(8294): Illuminate\Cookie\Queue->handle(Object(Illuminate\Http\Request), 1, true)
#19 /home/wgs-lap121/public_html/php/asia-foundation-survey/bootstrap/compiled.php(10953): Illuminate\Cookie\Guard->handle(Object(Illuminate\Http\Request), 1, true)
#20 /home/wgs-lap121/public_html/php/asia-foundation-survey/bootstrap/compiled.php(657): Stack\StackedHttpKernel->handle(Object(Illuminate\Http\Request))
#21 /home/wgs-lap121/public_html/php/asia-foundation-survey/public/index.php(49): Illuminate\Foundation\Application->run()
#22 {main} [] []
[2014-10-03 09:27:47] production.ERROR: exception 'ErrorException' with message 'array_merge(): Argument #2 is not an array' in /home/wgs-lap121/public_html/php/asia-foundation-survey/vendor/laravel/framework/src/Illuminate/View/Factory.php:126
Stack trace:
#0 [internal function]: Illuminate\Exception\Handler->handleError(2, 'array_merge(): ...', '/home/wgs-lap12...', 126, Array)
#1 /home/wgs-lap121/public_html/php/asia-foundation-survey/vendor/laravel/framework/src/Illuminate/View/Factory.php(126): array_merge(Array, 'aaa')
#2 /home/wgs-lap121/public_html/php/asia-foundation-survey/bootstrap/compiled.php(3238): Illuminate\View\Factory->make('home.index', 'aaa')
#3 /home/wgs-lap121/public_html/php/asia-foundation-survey/app/controllers/HomeController.php(8): Illuminate\Support\Facades\Facade::__callStatic('make', Array)
#4 /home/wgs-lap121/public_html/php/asia-foundation-survey/app/controllers/HomeController.php(8): Illuminate\Support\Facades\View::make('home.index', 'aaa')
#5 [internal function]: HomeController->getIndex()
#6 /home/wgs-lap121/public_html/php/asia-foundation-survey/vendor/laravel/framework/src/Illuminate/Routing/Controller.php(231): call_user_func_array(Array, Array)
#7 /home/wgs-lap121/public_html/php/asia-foundation-survey/bootstrap/compiled.php(5776): Illuminate\Routing\Controller->callAction('getIndex', Array)
#8 /home/wgs-lap121/public_html/php/asia-foundation-survey/bootstrap/compiled.php(5764): Illuminate\Routing\ControllerDispatcher->call(Object(HomeController), Object(Illuminate\Routing\Route), 'getIndex')
#9 /home/wgs-lap121/public_html/php/asia-foundation-survey/bootstrap/compiled.php(4971): Illuminate\Routing\ControllerDispatcher->dispatch(Object(Illuminate\Routing\Route), Object(Illuminate\Http\Request), 'HomeController', 'getIndex')
#10 [internal function]: Illuminate\Routing\Router->Illuminate\Routing\{closure}()
#11 /home/wgs-lap121/public_html/php/asia-foundation-survey/bootstrap/compiled.php(5329): call_user_func_array(Object(Closure), Array)
#12 /home/wgs-lap121/public_html/php/asia-foundation-survey/bootstrap/compiled.php(4996): Illuminate\Routing\Route->run(Object(Illuminate\Http\Request))
#13 /home/wgs-lap121/public_html/php/asia-foundation-survey/bootstrap/compiled.php(4984): Illuminate\Routing\Router->dispatchToRoute(Object(Illuminate\Http\Request))
#14 /home/wgs-lap121/public_html/php/asia-foundation-survey/bootstrap/compiled.php(715): Illuminate\Routing\Router->dispatch(Object(Illuminate\Http\Request))
#15 /home/wgs-lap121/public_html/php/asia-foundation-survey/bootstrap/compiled.php(696): Illuminate\Foundation\Application->dispatch(Object(Illuminate\Http\Request))
#16 /home/wgs-lap121/public_html/php/asia-foundation-survey/bootstrap/compiled.php(7740): Illuminate\Foundation\Application->handle(Object(Illuminate\Http\Request), 1, true)
#17 /home/wgs-lap121/public_html/php/asia-foundation-survey/bootstrap/compiled.php(8347): Illuminate\Session\Middleware->handle(Object(Illuminate\Http\Request), 1, true)
#18 /home/wgs-lap121/public_html/php/asia-foundation-survey/bootstrap/compiled.php(8294): Illuminate\Cookie\Queue->handle(Object(Illuminate\Http\Request), 1, true)
#19 /home/wgs-lap121/public_html/php/asia-foundation-survey/bootstrap/compiled.php(10953): Illuminate\Cookie\Guard->handle(Object(Illuminate\Http\Request), 1, true)
#20 /home/wgs-lap121/public_html/php/asia-foundation-survey/bootstrap/compiled.php(657): Stack\StackedHttpKernel->handle(Object(Illuminate\Http\Request))
#21 /home/wgs-lap121/public_html/php/asia-foundation-survey/public/index.php(49): Illuminate\Foundation\Application->run()
#22 {main} [] []
[2014-10-06 03:01:49] production.ERROR: exception 'Symfony\Component\Debug\Exception\FatalErrorException' with message 'syntax error, unexpected 'img' (T_STRING)' in /home/wgs-lap121/public_html/php/asia-foundation-survey/app/storage/views/8e5e00cc19ac22ac358872479b78f667:154
Stack trace:
#0 [internal function]: Illuminate\Exception\Handler->handleShutdown()
#1 {main} [] []
[2014-10-06 03:01:58] production.ERROR: exception 'Symfony\Component\Debug\Exception\FatalErrorException' with message 'syntax error, unexpected 'img' (T_STRING)' in /home/wgs-lap121/public_html/php/asia-foundation-survey/app/storage/views/8e5e00cc19ac22ac358872479b78f667:154
Stack trace:
#0 [internal function]: Illuminate\Exception\Handler->handleShutdown()
#1 {main} [] []
[2014-10-07 04:34:02] production.ERROR: exception 'PDOException' with message 'SQLSTATE[28000] [1045] Access denied for user 'agusam'@'localhost' (using password: YES)' in /home/wgs-lap121/public_html/php/asia-foundation-survey/vendor/laravel/framework/src/Illuminate/Database/Connectors/Connector.php:47
Stack trace:
#0 /home/wgs-lap121/public_html/php/asia-foundation-survey/vendor/laravel/framework/src/Illuminate/Database/Connectors/Connector.php(47): PDO->__construct('mysql:host=loca...', 'agusam', 'agusam1010', Array)
#1 /home/wgs-lap121/public_html/php/asia-foundation-survey/vendor/laravel/framework/src/Illuminate/Database/Connectors/MySqlConnector.php(20): Illuminate\Database\Connectors\Connector->createConnection('mysql:host=loca...', Array, Array)
#2 /home/wgs-lap121/public_html/php/asia-foundation-survey/bootstrap/compiled.php(7628): Illuminate\Database\Connectors\MySqlConnector->connect(Array)
#3 /home/wgs-lap121/public_html/php/asia-foundation-survey/bootstrap/compiled.php(7624): Illuminate\Database\Connectors\ConnectionFactory->createSingleConnection(Array)
#4 /home/wgs-lap121/public_html/php/asia-foundation-survey/bootstrap/compiled.php(7536): Illuminate\Database\Connectors\ConnectionFactory->make(Array, 'mysql')
#5 /home/wgs-lap121/public_html/php/asia-foundation-survey/bootstrap/compiled.php(7491): Illuminate\Database\DatabaseManager->makeConnection('mysql')
#6 /home/wgs-lap121/public_html/php/asia-foundation-survey/bootstrap/compiled.php(7372): Illuminate\Database\DatabaseManager->connection(NULL)
#7 /home/wgs-lap121/public_html/php/asia-foundation-survey/bootstrap/compiled.php(7359): Illuminate\Database\Eloquent\Model::resolveConnection(NULL)
#8 /home/wgs-lap121/public_html/php/asia-foundation-survey/bootstrap/compiled.php(6944): Illuminate\Database\Eloquent\Model->getConnection()
#9 /home/wgs-lap121/public_html/php/asia-foundation-survey/bootstrap/compiled.php(6911): Illuminate\Database\Eloquent\Model->newBaseQueryBuilder()
#10 /home/wgs-lap121/public_html/php/asia-foundation-survey/vendor/cartalyst/sentry/src/Cartalyst/Sentry/Users/Eloquent/Provider.php(75): Illuminate\Database\Eloquent\Model->newQuery()
#11 /home/wgs-lap121/public_html/php/asia-foundation-survey/vendor/cartalyst/sentry/src/Cartalyst/Sentry/Sentry.php(266): Cartalyst\Sentry\Users\Eloquent\Provider->findById('3')
#12 /home/wgs-lap121/public_html/php/asia-foundation-survey/vendor/cartalyst/sentry/src/Cartalyst/Sentry/Sentry.php(386): Cartalyst\Sentry\Sentry->check()
#13 /home/wgs-lap121/public_html/php/asia-foundation-survey/bootstrap/compiled.php(3234): Cartalyst\Sentry\Sentry->getUser()
#14 /home/wgs-lap121/public_html/php/asia-foundation-survey/app/filters.php(17): Illuminate\Support\Facades\Facade::__callStatic('getUser', Array)
#15 /home/wgs-lap121/public_html/php/asia-foundation-survey/app/filters.php(17): Cartalyst\Sentry\Facades\Laravel\Sentry::getUser()
#16 [internal function]: {closure}(Object(Illuminate\Http\Request), NULL)
#17 /home/wgs-lap121/public_html/php/asia-foundation-survey/bootstrap/compiled.php(6188): call_user_func_array(Object(Closure), Array)
#18 /home/wgs-lap121/public_html/php/asia-foundation-survey/bootstrap/compiled.php(6170): Illuminate\Events\Dispatcher->fire('router.before', Array, true)
#19 /home/wgs-lap121/public_html/php/asia-foundation-survey/bootstrap/compiled.php(5107): Illuminate\Events\Dispatcher->until('router.before', Array)
#20 /home/wgs-lap121/public_html/php/asia-foundation-survey/bootstrap/compiled.php(4982): Illuminate\Routing\Router->callFilter('before', Object(Illuminate\Http\Request))
#21 /home/wgs-lap121/public_html/php/asia-foundation-survey/bootstrap/compiled.php(715): Illuminate\Routing\Router->dispatch(Object(Illuminate\Http\Request))
#22 /home/wgs-lap121/public_html/php/asia-foundation-survey/bootstrap/compiled.php(696): Illuminate\Foundation\Application->dispatch(Object(Illuminate\Http\Request))
#23 /home/wgs-lap121/public_html/php/asia-foundation-survey/bootstrap/compiled.php(7740): Illuminate\Foundation\Application->handle(Object(Illuminate\Http\Request), 1, true)
#24 /home/wgs-lap121/public_html/php/asia-foundation-survey/bootstrap/compiled.php(8347): Illuminate\Session\Middleware->handle(Object(Illuminate\Http\Request), 1, true)
#25 /home/wgs-lap121/public_html/php/asia-foundation-survey/bootstrap/compiled.php(8294): Illuminate\Cookie\Queue->handle(Object(Illuminate\Http\Request), 1, true)
#26 /home/wgs-lap121/public_html/php/asia-foundation-survey/bootstrap/compiled.php(10953): Illuminate\Cookie\Guard->handle(Object(Illuminate\Http\Request), 1, true)
#27 /home/wgs-lap121/public_html/php/asia-foundation-survey/bootstrap/compiled.php(657): Stack\StackedHttpKernel->handle(Object(Illuminate\Http\Request))
#28 /home/wgs-lap121/public_html/php/asia-foundation-survey/public/index.php(49): Illuminate\Foundation\Application->run()
#29 {main} [] []
[2014-10-07 04:34:02] production.ERROR: exception 'ErrorException' with message 'file_put_contents(/home/wgs-lap121/public_html/php/asia-foundation-survey/app/storage/sessions/2a6a285c85c3f2923d68c5b2cc38cee0f28c0c37): failed to open stream: Permission denied' in /home/wgs-lap121/public_html/php/asia-foundation-survey/bootstrap/compiled.php:4159
Stack trace:
#0 [internal function]: Illuminate\Exception\Handler->handleError(2, 'file_put_conten...', '/home/wgs-lap12...', 4159, Array)
#1 /home/wgs-lap121/public_html/php/asia-foundation-survey/bootstrap/compiled.php(4159): file_put_contents('/home/wgs-lap12...', 'a:4:{s:6:"_toke...')
#2 /home/wgs-lap121/public_html/php/asia-foundation-survey/vendor/laravel/framework/src/Illuminate/Session/FileSessionHandler.php(69): Illuminate\Filesystem\Filesystem->put('/home/wgs-lap12...', 'a:4:{s:6:"_toke...')
#3 /home/wgs-lap121/public_html/php/asia-foundation-survey/bootstrap/compiled.php(7914): Illuminate\Session\FileSessionHandler->write('2a6a285c85c3f29...', 'a:4:{s:6:"_toke...')
#4 /home/wgs-lap121/public_html/php/asia-foundation-survey/bootstrap/compiled.php(7764): Illuminate\Session\Store->save()
#5 /home/wgs-lap121/public_html/php/asia-foundation-survey/bootstrap/compiled.php(7742): Illuminate\Session\Middleware->closeSession(Object(Illuminate\Session\Store))
#6 /home/wgs-lap121/public_html/php/asia-foundation-survey/bootstrap/compiled.php(8347): Illuminate\Session\Middleware->handle(Object(Illuminate\Http\Request), 1, true)
#7 /home/wgs-lap121/public_html/php/asia-foundation-survey/bootstrap/compiled.php(8294): Illuminate\Cookie\Queue->handle(Object(Illuminate\Http\Request), 1, true)
#8 /home/wgs-lap121/public_html/php/asia-foundation-survey/bootstrap/compiled.php(10953): Illuminate\Cookie\Guard->handle(Object(Illuminate\Http\Request), 1, true)
#9 /home/wgs-lap121/public_html/php/asia-foundation-survey/bootstrap/compiled.php(657): Stack\StackedHttpKernel->handle(Object(Illuminate\Http\Request))
#10 /home/wgs-lap121/public_html/php/asia-foundation-survey/public/index.php(49): Illuminate\Foundation\Application->run()
#11 {main} [] []
[2014-10-07 04:34:14] production.ERROR: exception 'PDOException' with message 'SQLSTATE[28000] [1045] Access denied for user 'agusam'@'localhost' (using password: YES)' in /home/wgs-lap121/public_html/php/asia-foundation-survey/vendor/laravel/framework/src/Illuminate/Database/Connectors/Connector.php:47
Stack trace:
#0 /home/wgs-lap121/public_html/php/asia-foundation-survey/vendor/laravel/framework/src/Illuminate/Database/Connectors/Connector.php(47): PDO->__construct('mysql:host=loca...', 'agusam', 'agusam1010', Array)
#1 /home/wgs-lap121/public_html/php/asia-foundation-survey/vendor/laravel/framework/src/Illuminate/Database/Connectors/MySqlConnector.php(20): Illuminate\Database\Connectors\Connector->createConnection('mysql:host=loca...', Array, Array)
#2 /home/wgs-lap121/public_html/php/asia-foundation-survey/bootstrap/compiled.php(7628): Illuminate\Database\Connectors\MySqlConnector->connect(Array)
#3 /home/wgs-lap121/public_html/php/asia-foundation-survey/bootstrap/compiled.php(7624): Illuminate\Database\Connectors\ConnectionFactory->createSingleConnection(Array)
#4 /home/wgs-lap121/public_html/php/asia-foundation-survey/bootstrap/compiled.php(7536): Illuminate\Database\Connectors\ConnectionFactory->make(Array, 'mysql')
#5 /home/wgs-lap121/public_html/php/asia-foundation-survey/bootstrap/compiled.php(7491): Illuminate\Database\DatabaseManager->makeConnection('mysql')
#6 /home/wgs-lap121/public_html/php/asia-foundation-survey/bootstrap/compiled.php(7372): Illuminate\Database\DatabaseManager->connection(NULL)
#7 /home/wgs-lap121/public_html/php/asia-foundation-survey/bootstrap/compiled.php(7359): Illuminate\Database\Eloquent\Model::resolveConnection(NULL)
#8 /home/wgs-lap121/public_html/php/asia-foundation-survey/bootstrap/compiled.php(6944): Illuminate\Database\Eloquent\Model->getConnection()
#9 /home/wgs-lap121/public_html/php/asia-foundation-survey/bootstrap/compiled.php(6911): Illuminate\Database\Eloquent\Model->newBaseQueryBuilder()
#10 /home/wgs-lap121/public_html/php/asia-foundation-survey/vendor/cartalyst/sentry/src/Cartalyst/Sentry/Users/Eloquent/Provider.php(75): Illuminate\Database\Eloquent\Model->newQuery()
#11 /home/wgs-lap121/public_html/php/asia-foundation-survey/vendor/cartalyst/sentry/src/Cartalyst/Sentry/Sentry.php(266): Cartalyst\Sentry\Users\Eloquent\Provider->findById('3')
#12 /home/wgs-lap121/public_html/php/asia-foundation-survey/vendor/cartalyst/sentry/src/Cartalyst/Sentry/Sentry.php(386): Cartalyst\Sentry\Sentry->check()
#13 /home/wgs-lap121/public_html/php/asia-foundation-survey/bootstrap/compiled.php(3234): Cartalyst\Sentry\Sentry->getUser()
#14 /home/wgs-lap121/public_html/php/asia-foundation-survey/app/filters.php(17): Illuminate\Support\Facades\Facade::__callStatic('getUser', Array)
#15 /home/wgs-lap121/public_html/php/asia-foundation-survey/app/filters.php(17): Cartalyst\Sentry\Facades\Laravel\Sentry::getUser()
#16 [internal function]: {closure}(Object(Illuminate\Http\Request), NULL)
#17 /home/wgs-lap121/public_html/php/asia-foundation-survey/bootstrap/compiled.php(6188): call_user_func_array(Object(Closure), Array)
#18 /home/wgs-lap121/public_html/php/asia-foundation-survey/bootstrap/compiled.php(6170): Illuminate\Events\Dispatcher->fire('router.before', Array, true)
#19 /home/wgs-lap121/public_html/php/asia-foundation-survey/bootstrap/compiled.php(5107): Illuminate\Events\Dispatcher->until('router.before', Array)
#20 /home/wgs-lap121/public_html/php/asia-foundation-survey/bootstrap/compiled.php(4982): Illuminate\Routing\Router->callFilter('before', Object(Illuminate\Http\Request))
#21 /home/wgs-lap121/public_html/php/asia-foundation-survey/bootstrap/compiled.php(715): Illuminate\Routing\Router->dispatch(Object(Illuminate\Http\Request))
#22 /home/wgs-lap121/public_html/php/asia-foundation-survey/bootstrap/compiled.php(696): Illuminate\Foundation\Application->dispatch(Object(Illuminate\Http\Request))
#23 /home/wgs-lap121/public_html/php/asia-foundation-survey/bootstrap/compiled.php(7740): Illuminate\Foundation\Application->handle(Object(Illuminate\Http\Request), 1, true)
#24 /home/wgs-lap121/public_html/php/asia-foundation-survey/bootstrap/compiled.php(8347): Illuminate\Session\Middleware->handle(Object(Illuminate\Http\Request), 1, true)
#25 /home/wgs-lap121/public_html/php/asia-foundation-survey/bootstrap/compiled.php(8294): Illuminate\Cookie\Queue->handle(Object(Illuminate\Http\Request), 1, true)
#26 /home/wgs-lap121/public_html/php/asia-foundation-survey/bootstrap/compiled.php(10953): Illuminate\Cookie\Guard->handle(Object(Illuminate\Http\Request), 1, true)
#27 /home/wgs-lap121/public_html/php/asia-foundation-survey/bootstrap/compiled.php(657): Stack\StackedHttpKernel->handle(Object(Illuminate\Http\Request))
#28 /home/wgs-lap121/public_html/php/asia-foundation-survey/public/index.php(49): Illuminate\Foundation\Application->run()
#29 {main} [] []
[2014-10-07 04:34:31] production.ERROR: exception 'PDOException' with message 'SQLSTATE[42000] [1049] Unknown database 'agusam_asia_foundation_survey'' in /home/wgs-lap121/public_html/php/asia-foundation-survey/vendor/laravel/framework/src/Illuminate/Database/Connectors/Connector.php:47
Stack trace:
#0 /home/wgs-lap121/public_html/php/asia-foundation-survey/vendor/laravel/framework/src/Illuminate/Database/Connectors/Connector.php(47): PDO->__construct('mysql:host=loca...', 'root', '12345678', Array)
#1 /home/wgs-lap121/public_html/php/asia-foundation-survey/vendor/laravel/framework/src/Illuminate/Database/Connectors/MySqlConnector.php(20): Illuminate\Database\Connectors\Connector->createConnection('mysql:host=loca...', Array, Array)
#2 /home/wgs-lap121/public_html/php/asia-foundation-survey/bootstrap/compiled.php(7628): Illuminate\Database\Connectors\MySqlConnector->connect(Array)
#3 /home/wgs-lap121/public_html/php/asia-foundation-survey/bootstrap/compiled.php(7624): Illuminate\Database\Connectors\ConnectionFactory->createSingleConnection(Array)
#4 /home/wgs-lap121/public_html/php/asia-foundation-survey/bootstrap/compiled.php(7536): Illuminate\Database\Connectors\ConnectionFactory->make(Array, 'mysql')
#5 /home/wgs-lap121/public_html/php/asia-foundation-survey/bootstrap/compiled.php(7491): Illuminate\Database\DatabaseManager->makeConnection('mysql')
#6 /home/wgs-lap121/public_html/php/asia-foundation-survey/bootstrap/compiled.php(7372): Illuminate\Database\DatabaseManager->connection(NULL)
#7 /home/wgs-lap121/public_html/php/asia-foundation-survey/bootstrap/compiled.php(7359): Illuminate\Database\Eloquent\Model::resolveConnection(NULL)
#8 /home/wgs-lap121/public_html/php/asia-foundation-survey/bootstrap/compiled.php(6944): Illuminate\Database\Eloquent\Model->getConnection()
#9 /home/wgs-lap121/public_html/php/asia-foundation-survey/bootstrap/compiled.php(6911): Illuminate\Database\Eloquent\Model->newBaseQueryBuilder()
#10 /home/wgs-lap121/public_html/php/asia-foundation-survey/vendor/cartalyst/sentry/src/Cartalyst/Sentry/Users/Eloquent/Provider.php(75): Illuminate\Database\Eloquent\Model->newQuery()
#11 /home/wgs-lap121/public_html/php/asia-foundation-survey/vendor/cartalyst/sentry/src/Cartalyst/Sentry/Sentry.php(266): Cartalyst\Sentry\Users\Eloquent\Provider->findById('3')
#12 /home/wgs-lap121/public_html/php/asia-foundation-survey/vendor/cartalyst/sentry/src/Cartalyst/Sentry/Sentry.php(386): Cartalyst\Sentry\Sentry->check()
#13 /home/wgs-lap121/public_html/php/asia-foundation-survey/bootstrap/compiled.php(3234): Cartalyst\Sentry\Sentry->getUser()
#14 /home/wgs-lap121/public_html/php/asia-foundation-survey/app/filters.php(17): Illuminate\Support\Facades\Facade::__callStatic('getUser', Array)
#15 /home/wgs-lap121/public_html/php/asia-foundation-survey/app/filters.php(17): Cartalyst\Sentry\Facades\Laravel\Sentry::getUser()
#16 [internal function]: {closure}(Object(Illuminate\Http\Request), NULL)
#17 /home/wgs-lap121/public_html/php/asia-foundation-survey/bootstrap/compiled.php(6188): call_user_func_array(Object(Closure), Array)
#18 /home/wgs-lap121/public_html/php/asia-foundation-survey/bootstrap/compiled.php(6170): Illuminate\Events\Dispatcher->fire('router.before', Array, true)
#19 /home/wgs-lap121/public_html/php/asia-foundation-survey/bootstrap/compiled.php(5107): Illuminate\Events\Dispatcher->until('router.before', Array)
#20 /home/wgs-lap121/public_html/php/asia-foundation-survey/bootstrap/compiled.php(4982): Illuminate\Routing\Router->callFilter('before', Object(Illuminate\Http\Request))
#21 /home/wgs-lap121/public_html/php/asia-foundation-survey/bootstrap/compiled.php(715): Illuminate\Routing\Router->dispatch(Object(Illuminate\Http\Request))
#22 /home/wgs-lap121/public_html/php/asia-foundation-survey/bootstrap/compiled.php(696): Illuminate\Foundation\Application->dispatch(Object(Illuminate\Http\Request))
#23 /home/wgs-lap121/public_html/php/asia-foundation-survey/bootstrap/compiled.php(7740): Illuminate\Foundation\Application->handle(Object(Illuminate\Http\Request), 1, true)
#24 /home/wgs-lap121/public_html/php/asia-foundation-survey/bootstrap/compiled.php(8347): Illuminate\Session\Middleware->handle(Object(Illuminate\Http\Request), 1, true)
#25 /home/wgs-lap121/public_html/php/asia-foundation-survey/bootstrap/compiled.php(8294): Illuminate\Cookie\Queue->handle(Object(Illuminate\Http\Request), 1, true)
#26 /home/wgs-lap121/public_html/php/asia-foundation-survey/bootstrap/compiled.php(10953): Illuminate\Cookie\Guard->handle(Object(Illuminate\Http\Request), 1, true)
#27 /home/wgs-lap121/public_html/php/asia-foundation-survey/bootstrap/compiled.php(657): Stack\StackedHttpKernel->handle(Object(Illuminate\Http\Request))
#28 /home/wgs-lap121/public_html/php/asia-foundation-survey/public/index.php(49): Illuminate\Foundation\Application->run()
#29 {main} [] []
[2014-10-07 04:39:54] production.ERROR: exception 'PDOException' with message 'SQLSTATE[28000] [1045] Access denied for user 'agusam'@'localhost' (using password: YES)' in /home/wgs-lap121/public_html/php/asia-foundation-survey/vendor/laravel/framework/src/Illuminate/Database/Connectors/Connector.php:47
Stack trace:
#0 /home/wgs-lap121/public_html/php/asia-foundation-survey/vendor/laravel/framework/src/Illuminate/Database/Connectors/Connector.php(47): PDO->__construct('mysql:host=loca...', 'agusam', 'agusam1010', Array)
#1 /home/wgs-lap121/public_html/php/asia-foundation-survey/vendor/laravel/framework/src/Illuminate/Database/Connectors/MySqlConnector.php(20): Illuminate\Database\Connectors\Connector->createConnection('mysql:host=loca...', Array, Array)
#2 /home/wgs-lap121/public_html/php/asia-foundation-survey/bootstrap/compiled.php(7628): Illuminate\Database\Connectors\MySqlConnector->connect(Array)
#3 /home/wgs-lap121/public_html/php/asia-foundation-survey/bootstrap/compiled.php(7624): Illuminate\Database\Connectors\ConnectionFactory->createSingleConnection(Array)
#4 /home/wgs-lap121/public_html/php/asia-foundation-survey/bootstrap/compiled.php(7536): Illuminate\Database\Connectors\ConnectionFactory->make(Array, 'mysql')
#5 /home/wgs-lap121/public_html/php/asia-foundation-survey/bootstrap/compiled.php(7491): Illuminate\Database\DatabaseManager->makeConnection('mysql')
#6 /home/wgs-lap121/public_html/php/asia-foundation-survey/bootstrap/compiled.php(7372): Illuminate\Database\DatabaseManager->connection(NULL)
#7 /home/wgs-lap121/public_html/php/asia-foundation-survey/bootstrap/compiled.php(7359): Illuminate\Database\Eloquent\Model::resolveConnection(NULL)
#8 /home/wgs-lap121/public_html/php/asia-foundation-survey/bootstrap/compiled.php(6944): Illuminate\Database\Eloquent\Model->getConnection()
#9 /home/wgs-lap121/public_html/php/asia-foundation-survey/bootstrap/compiled.php(6911): Illuminate\Database\Eloquent\Model->newBaseQueryBuilder()
#10 /home/wgs-lap121/public_html/php/asia-foundation-survey/vendor/cartalyst/sentry/src/Cartalyst/Sentry/Users/Eloquent/Provider.php(75): Illuminate\Database\Eloquent\Model->newQuery()
#11 /home/wgs-lap121/public_html/php/asia-foundation-survey/vendor/cartalyst/sentry/src/Cartalyst/Sentry/Sentry.php(266): Cartalyst\Sentry\Users\Eloquent\Provider->findById('3')
#12 /home/wgs-lap121/public_html/php/asia-foundation-survey/vendor/cartalyst/sentry/src/Cartalyst/Sentry/Sentry.php(386): Cartalyst\Sentry\Sentry->check()
#13 /home/wgs-lap121/public_html/php/asia-foundation-survey/bootstrap/compiled.php(3234): Cartalyst\Sentry\Sentry->getUser()
#14 /home/wgs-lap121/public_html/php/asia-foundation-survey/app/filters.php(17): Illuminate\Support\Facades\Facade::__callStatic('getUser', Array)
#15 /home/wgs-lap121/public_html/php/asia-foundation-survey/app/filters.php(17): Cartalyst\Sentry\Facades\Laravel\Sentry::getUser()
#16 [internal function]: {closure}(Object(Illuminate\Http\Request), NULL)
#17 /home/wgs-lap121/public_html/php/asia-foundation-survey/bootstrap/compiled.php(6188): call_user_func_array(Object(Closure), Array)
#18 /home/wgs-lap121/public_html/php/asia-foundation-survey/bootstrap/compiled.php(6170): Illuminate\Events\Dispatcher->fire('router.before', Array, true)
#19 /home/wgs-lap121/public_html/php/asia-foundation-survey/bootstrap/compiled.php(5107): Illuminate\Events\Dispatcher->until('router.before', Array)
#20 /home/wgs-lap121/public_html/php/asia-foundation-survey/bootstrap/compiled.php(4982): Illuminate\Routing\Router->callFilter('before', Object(Illuminate\Http\Request))
#21 /home/wgs-lap121/public_html/php/asia-foundation-survey/bootstrap/compiled.php(715): Illuminate\Routing\Router->dispatch(Object(Illuminate\Http\Request))
#22 /home/wgs-lap121/public_html/php/asia-foundation-survey/bootstrap/compiled.php(696): Illuminate\Foundation\Application->dispatch(Object(Illuminate\Http\Request))
#23 /home/wgs-lap121/public_html/php/asia-foundation-survey/bootstrap/compiled.php(7740): Illuminate\Foundation\Application->handle(Object(Illuminate\Http\Request), 1, true)
#24 /home/wgs-lap121/public_html/php/asia-foundation-survey/bootstrap/compiled.php(8347): Illuminate\Session\Middleware->handle(Object(Illuminate\Http\Request), 1, true)
#25 /home/wgs-lap121/public_html/php/asia-foundation-survey/bootstrap/compiled.php(8294): Illuminate\Cookie\Queue->handle(Object(Illuminate\Http\Request), 1, true)
#26 /home/wgs-lap121/public_html/php/asia-foundation-survey/bootstrap/compiled.php(10953): Illuminate\Cookie\Guard->handle(Object(Illuminate\Http\Request), 1, true)
#27 /home/wgs-lap121/public_html/php/asia-foundation-survey/bootstrap/compiled.php(657): Stack\StackedHttpKernel->handle(Object(Illuminate\Http\Request))
#28 /home/wgs-lap121/public_html/php/asia-foundation-survey/public/index.php(49): Illuminate\Foundation\Application->run()
#29 {main} [] []
[2014-10-07 04:40:15] production.ERROR: exception 'PDOException' with message 'SQLSTATE[28000] [1045] Access denied for user 'agusam'@'localhost' (using password: YES)' in /home/wgs-lap121/public_html/php/asia-foundation-survey/vendor/laravel/framework/src/Illuminate/Database/Connectors/Connector.php:47
Stack trace:
#0 /home/wgs-lap121/public_html/php/asia-foundation-survey/vendor/laravel/framework/src/Illuminate/Database/Connectors/Connector.php(47): PDO->__construct('mysql:host=loca...', 'agusam', 'agusam1010', Array)
#1 /home/wgs-lap121/public_html/php/asia-foundation-survey/vendor/laravel/framework/src/Illuminate/Database/Connectors/MySqlConnector.php(20): Illuminate\Database\Connectors\Connector->createConnection('mysql:host=loca...', Array, Array)
#2 /home/wgs-lap121/public_html/php/asia-foundation-survey/vendor/laravel/framework/src/Illuminate/Database/Connectors/ConnectionFactory.php(57): Illuminate\Database\Connectors\MySqlConnector->connect(Array)
#3 /home/wgs-lap121/public_html/php/asia-foundation-survey/vendor/laravel/framework/src/Illuminate/Database/Connectors/ConnectionFactory.php(46): Illuminate\Database\Connectors\ConnectionFactory->createSingleConnection(Array)
#4 /home/wgs-lap121/public_html/php/asia-foundation-survey/vendor/laravel/framework/src/Illuminate/Database/DatabaseManager.php(176): Illuminate\Database\Connectors\ConnectionFactory->make(Array, 'mysql')
#5 /home/wgs-lap121/public_html/php/asia-foundation-survey/vendor/laravel/framework/src/Illuminate/Database/DatabaseManager.php(64): Illuminate\Database\DatabaseManager->makeConnection('mysql')
#6 /home/wgs-lap121/public_html/php/asia-foundation-survey/vendor/laravel/framework/src/Illuminate/Database/Eloquent/Model.php(2882): Illuminate\Database\DatabaseManager->connection(NULL)
#7 /home/wgs-lap121/public_html/php/asia-foundation-survey/vendor/laravel/framework/src/Illuminate/Database/Eloquent/Model.php(2848): Illuminate\Database\Eloquent\Model::resolveConnection(NULL)
#8 /home/wgs-lap121/public_html/php/asia-foundation-survey/vendor/laravel/framework/src/Illuminate/Database/Eloquent/Model.php(1822): Illuminate\Database\Eloquent\Model->getConnection()
#9 /home/wgs-lap121/public_html/php/asia-foundation-survey/vendor/laravel/framework/src/Illuminate/Database/Eloquent/Model.php(1738): Illuminate\Database\Eloquent\Model->newBaseQueryBuilder()
#10 /home/wgs-lap121/public_html/php/asia-foundation-survey/vendor/cartalyst/sentry/src/Cartalyst/Sentry/Users/Eloquent/Provider.php(75): Illuminate\Database\Eloquent\Model->newQuery()
#11 /home/wgs-lap121/public_html/php/asia-foundation-survey/vendor/cartalyst/sentry/src/Cartalyst/Sentry/Sentry.php(266): Cartalyst\Sentry\Users\Eloquent\Provider->findById('3')
#12 /home/wgs-lap121/public_html/php/asia-foundation-survey/vendor/cartalyst/sentry/src/Cartalyst/Sentry/Sentry.php(386): Cartalyst\Sentry\Sentry->check()
#13 /home/wgs-lap121/public_html/php/asia-foundation-survey/vendor/laravel/framework/src/Illuminate/Support/Facades/Facade.php(205): Cartalyst\Sentry\Sentry->getUser()
#14 /home/wgs-lap121/public_html/php/asia-foundation-survey/app/filters.php(17): Illuminate\Support\Facades\Facade::__callStatic('getUser', Array)
#15 /home/wgs-lap121/public_html/php/asia-foundation-survey/app/filters.php(17): Cartalyst\Sentry\Facades\Laravel\Sentry::getUser()
#16 [internal function]: {closure}(Object(Illuminate\Http\Request), NULL)
#17 /home/wgs-lap121/public_html/php/asia-foundation-survey/vendor/laravel/framework/src/Illuminate/Events/Dispatcher.php(199): call_user_func_array(Object(Closure), Array)
#18 /home/wgs-lap121/public_html/php/asia-foundation-survey/vendor/laravel/framework/src/Illuminate/Events/Dispatcher.php(154): Illuminate\Events\Dispatcher->fire('router.before', Array, true)
#19 /home/wgs-lap121/public_html/php/asia-foundation-survey/vendor/laravel/framework/src/Illuminate/Routing/Router.php(1303): Illuminate\Events\Dispatcher->until('router.before', Array)
#20 /home/wgs-lap121/public_html/php/asia-foundation-survey/vendor/laravel/framework/src/Illuminate/Routing/Router.php(992): Illuminate\Routing\Router->callFilter('before', Object(Illuminate\Http\Request))
#21 /home/wgs-lap121/public_html/php/asia-foundation-survey/vendor/laravel/framework/src/Illuminate/Foundation/Application.php(775): Illuminate\Routing\Router->dispatch(Object(Illuminate\Http\Request))
#22 /home/wgs-lap121/public_html/php/asia-foundation-survey/vendor/laravel/framework/src/Illuminate/Foundation/Application.php(745): Illuminate\Foundation\Application->dispatch(Object(Illuminate\Http\Request))
#23 /home/wgs-lap121/public_html/php/asia-foundation-survey/vendor/laravel/framework/src/Illuminate/Session/Middleware.php(72): Illuminate\Foundation\Application->handle(Object(Illuminate\Http\Request), 1, true)
#24 /home/wgs-lap121/public_html/php/asia-foundation-survey/vendor/laravel/framework/src/Illuminate/Cookie/Queue.php(47): Illuminate\Session\Middleware->handle(Object(Illuminate\Http\Request), 1, true)
#25 /home/wgs-lap121/public_html/php/asia-foundation-survey/vendor/laravel/framework/src/Illuminate/Cookie/Guard.php(51): Illuminate\Cookie\Queue->handle(Object(Illuminate\Http\Request), 1, true)
#26 /home/wgs-lap121/public_html/php/asia-foundation-survey/vendor/stack/builder/src/Stack/StackedHttpKernel.php(23): Illuminate\Cookie\Guard->handle(Object(Illuminate\Http\Request), 1, true)
#27 /home/wgs-lap121/public_html/php/asia-foundation-survey/vendor/laravel/framework/src/Illuminate/Foundation/Application.php(641): Stack\StackedHttpKernel->handle(Object(Illuminate\Http\Request))
#28 /home/wgs-lap121/public_html/php/asia-foundation-survey/public/index.php(49): Illuminate\Foundation\Application->run()
#29 {main} [] []
